Using pre-set license
Built from '2020.2/release' branch; Version is '2020.2.1f1 (270dd8c3da1c) revision 2559448'; Using compiler version '192528614'; Build Type 'Release'
OS: 'Windows 10  (10.0.0) 64bit' Language: 'en' Physical Memory: 8092 MB
BatchMode: 1, IsHumanControllingUs: 0, StartBugReporterOnCrash: 0, Is64bit: 1, IsPro: 0

 COMMAND LINE ARGUMENTS:
E:\Unity Editor\2020.2.1f1\Editor\Unity.exe
-adb2
-batchMode
-noUpm
-name
AssetImportWorker7
-projectPath
E:/unity/GameServer
-logFile
Logs/AssetImportWorker7.log
-srvPort
60211
Successfully changed project path to: E:/unity/GameServer
E:/unity/GameServer
Using Asset Import Pipeline V2.
Refreshing native plugins compatible for Editor in 48.75 ms, found 0 plugins.
Preloading 0 native plugins for Editor in 0.00 ms.
Initialize engine version: 2020.2.1f1 (270dd8c3da1c)
[Subsystems] Discovering subsystems at path E:/Unity Editor/2020.2.1f1/Editor/Data/Resources/UnitySubsystems
[Subsystems] Discovering subsystems at path E:/unity/GameServer/Assets
GfxDevice: creating device client; threaded=0
Direct3D:
    Version:  Direct3D 11.0 [level 11.0]
    Renderer: NVIDIA GeForce 920MX (ID=0x134f)
    Vendor:   
    VRAM:     2010 MB
    Driver:   27.21.14.5638
Initialize mono
Mono path[0] = 'E:/Unity Editor/2020.2.1f1/Editor/Data/Managed'
Mono path[1] = 'E:/Unity Editor/2020.2.1f1/Editor/Data/MonoBleedingEdge/lib/mono/unityjit'
Mono config path = 'E:/Unity Editor/2020.2.1f1/Editor/Data/MonoBleedingEdge/etc'
Using monoOptions --debugger-agent=transport=dt_socket,embedding=1,server=y,suspend=n,address=127.0.0.1:56460
Begin MonoManager ReloadAssembly
Registering precompiled unity dll's ...
Register platform support module: E:/Unity Editor/2020.2.1f1/Editor/Data/PlaybackEngines/WindowsStandaloneSupport/UnityEditor.WindowsStandalone.Extensions.dll
Registered in 0.010074 seconds.
Native extension for WindowsStandalone target not found
Refreshing native plugins compatible for Editor in 56.01 ms, found 0 plugins.
Preloading 0 native plugins for Editor in 0.00 ms.
Invoked RoslynAnalysisRunner static constructor.
RoslynAnalysisRunner will not be running.
RoslynAnalysisRunner has terminated.
Mono: successfully reloaded assembly
- Completed reload, in  3.817 seconds
Platform modules already initialized, skipping
Registering precompiled user dll's ...
Registered in 0.000701 seconds.
Begin MonoManager ReloadAssembly
Native extension for WindowsStandalone target not found
Refreshing native plugins compatible for Editor in 0.46 ms, found 0 plugins.
Preloading 0 native plugins for Editor in 0.00 ms.
Invoked RoslynAnalysisRunner static constructor.
RoslynAnalysisRunner will not be running.
RoslynAnalysisRunner has terminated.
Mono: successfully reloaded assembly
- Completed reload, in  3.485 seconds
Platform modules already initialized, skipping
========================================================================
Worker process is ready to serve import requests
Launched and connected shader compiler UnityShaderCompiler.exe after 0.39 seconds
Refreshing native plugins compatible for Editor in 0.31 ms, found 0 plugins.
Preloading 0 native plugins for Editor in 0.00 ms.
Unloading 1103 Unused Serialized files (Serialized files now loaded: 0)
System memory in use before: 56.8 MB.
System memory in use after: 56.9 MB.

Unloading 10 unused Assets to reduce memory usage. Loaded Objects now: 1544.
Total: 2.471500 ms (FindLiveObjects: 0.177600 ms CreateObjectMapping: 0.045400 ms MarkObjects: 2.162600 ms  DeleteObjects: 0.083900 ms)

========================================================================
Received Import Request.
  path: Assets/Prefab/Player.prefab
  artifactKey: Guid(161d0dec8f8c2d94b9e52524ae7c38f4) Importer(815301076,1909f56bfc062723c751e8b465ee728b)
Start importing Assets/Prefab/Player.prefab using Guid(161d0dec8f8c2d94b9e52524ae7c38f4) Importer(815301076,1909f56bfc062723c751e8b465ee728b)  -> (artifact id: '35afb7f3720b6b6b17a3a867179a748a') in 1.435465 seconds
  Import took 1.598852 seconds .

========================================================================
Received Import Request.
  Time since last request: 0.601135 seconds.
  path: Assets/Prefab/Player.prefab
  artifactKey: Guid(161d0dec8f8c2d94b9e52524ae7c38f4) Importer(815301076,1909f56bfc062723c751e8b465ee728b)
Start importing Assets/Prefab/Player.prefab using Guid(161d0dec8f8c2d94b9e52524ae7c38f4) Importer(815301076,1909f56bfc062723c751e8b465ee728b)  -> (artifact id: '35afb7f3720b6b6b17a3a867179a748a') in 0.031828 seconds
  Import took 0.035531 seconds .

========================================================================
Received Prepare
Registering precompiled user dll's ...
Registered in 0.001401 seconds.
Begin MonoManager ReloadAssembly
Native extension for WindowsStandalone target not found
Refreshing native plugins compatible for Editor in 0.34 ms, found 0 plugins.
Preloading 0 native plugins for Editor in 0.00 ms.
Invoked RoslynAnalysisRunner static constructor.
RoslynAnalysisRunner will not be running.
RoslynAnalysisRunner has terminated.
Mono: successfully reloaded assembly
- Completed reload, in 14.302 seconds
Platform modules already initialized, skipping
Refreshing native plugins compatible for Editor in 1.26 ms, found 0 plugins.
Preloading 0 native plugins for Editor in 0.00 ms.
Unloading 1098 Unused Serialized files (Serialized files now loaded: 0)
System memory in use before: 60.1 MB.
System memory in use after: 60.2 MB.

Unloading 6 unused Assets to reduce memory usage. Loaded Objects now: 1554.
Total: 9.388900 ms (FindLiveObjects: 0.274500 ms CreateObjectMapping: 0.111600 ms MarkObjects: 8.803200 ms  DeleteObjects: 0.179000 ms)

========================================================================
Received Import Request.
  Time since last request: 1392.300701 seconds.
  path: Assets/Prefab/Player.prefab
  artifactKey: Guid(161d0dec8f8c2d94b9e52524ae7c38f4) Importer(815301076,1909f56bfc062723c751e8b465ee728b)
Start importing Assets/Prefab/Player.prefab using Guid(161d0dec8f8c2d94b9e52524ae7c38f4) Importer(815301076,1909f56bfc062723c751e8b465ee728b)  -> (artifact id: '364ede50044c78e4fe7601ebd00b5c8e') in 0.862510 seconds
  Import took 0.894478 seconds .

========================================================================
Received Import Request.
  Time since last request: 16.754953 seconds.
  path: Assets/Prefab/Player.prefab
  artifactKey: Guid(161d0dec8f8c2d94b9e52524ae7c38f4) Importer(815301076,1909f56bfc062723c751e8b465ee728b)
Start importing Assets/Prefab/Player.prefab using Guid(161d0dec8f8c2d94b9e52524ae7c38f4) Importer(815301076,1909f56bfc062723c751e8b465ee728b)  -> (artifact id: 'f034cee007039ea0f6f1d4fd073d14f5') in 0.047525 seconds
  Import took 0.145771 seconds .

========================================================================
Received Import Request.
  Time since last request: 10.792265 seconds.
  path: Assets/Prefab/Player.prefab
  artifactKey: Guid(161d0dec8f8c2d94b9e52524ae7c38f4) Importer(815301076,1909f56bfc062723c751e8b465ee728b)
Start importing Assets/Prefab/Player.prefab using Guid(161d0dec8f8c2d94b9e52524ae7c38f4) Importer(815301076,1909f56bfc062723c751e8b465ee728b)  -> (artifact id: '76029079d079045d2a606f0f6fe2ab8f') in 0.033531 seconds
  Import took 0.095164 seconds .

========================================================================
Received Import Request.
  Time since last request: 13.983597 seconds.
  path: Assets/Prefab/Player.prefab
  artifactKey: Guid(161d0dec8f8c2d94b9e52524ae7c38f4) Importer(815301076,1909f56bfc062723c751e8b465ee728b)
Start importing Assets/Prefab/Player.prefab using Guid(161d0dec8f8c2d94b9e52524ae7c38f4) Importer(815301076,1909f56bfc062723c751e8b465ee728b)  -> (artifact id: 'e7217a8afdd3c146a37ec04d498c2559') in 0.616033 seconds
  Import took 0.982989 seconds .

AssetImportWorkerClient::OnTransportError - code=2 error=End of file
