Using pre-set license
Built from '2020.2/release' branch; Version is '2020.2.1f1 (270dd8c3da1c) revision 2559448'; Using compiler version '192528614'; Build Type 'Release'
OS: 'Windows 10  (10.0.0) 64bit' Language: 'en' Physical Memory: 8092 MB
BatchMode: 1, IsHumanControllingUs: 0, StartBugReporterOnCrash: 0, Is64bit: 1, IsPro: 0

 COMMAND LINE ARGUMENTS:
E:\Unity Editor\2020.2.1f1\Editor\Unity.exe
-adb2
-batchMode
-noUpm
-name
AssetImportWorker1
-projectPath
E:/unity/GameServer
-logFile
Logs/AssetImportWorker1.log
-srvPort
52760
Successfully changed project path to: E:/unity/GameServer
E:/unity/GameServer
Using Asset Import Pipeline V2.
Refreshing native plugins compatible for Editor in 68.21 ms, found 0 plugins.
Preloading 0 native plugins for Editor in 0.00 ms.
Initialize engine version: 2020.2.1f1 (270dd8c3da1c)
[Subsystems] Discovering subsystems at path E:/Unity Editor/2020.2.1f1/Editor/Data/Resources/UnitySubsystems
[Subsystems] Discovering subsystems at path E:/unity/GameServer/Assets
GfxDevice: creating device client; threaded=0
Direct3D:
    Version:  Direct3D 11.0 [level 11.0]
    Renderer: NVIDIA GeForce 920MX (ID=0x134f)
    Vendor:   
    VRAM:     2010 MB
    Driver:   27.21.14.5638
Initialize mono
Mono path[0] = 'E:/Unity Editor/2020.2.1f1/Editor/Data/Managed'
Mono path[1] = 'E:/Unity Editor/2020.2.1f1/Editor/Data/MonoBleedingEdge/lib/mono/unityjit'
Mono config path = 'E:/Unity Editor/2020.2.1f1/Editor/Data/MonoBleedingEdge/etc'
Using monoOptions --debugger-agent=transport=dt_socket,embedding=1,server=y,suspend=n,address=127.0.0.1:56260
Begin MonoManager ReloadAssembly
Registering precompiled unity dll's ...
Register platform support module: E:/Unity Editor/2020.2.1f1/Editor/Data/PlaybackEngines/WindowsStandaloneSupport/UnityEditor.WindowsStandalone.Extensions.dll
Registered in 0.001269 seconds.
Native extension for WindowsStandalone target not found
Refreshing native plugins compatible for Editor in 48.09 ms, found 0 plugins.
Preloading 0 native plugins for Editor in 0.00 ms.
Invoked RoslynAnalysisRunner static constructor.
RoslynAnalysisRunner will not be running.
RoslynAnalysisRunner has terminated.
Mono: successfully reloaded assembly
- Completed reload, in  2.384 seconds
Platform modules already initialized, skipping
Registering precompiled user dll's ...
Registered in 0.292107 seconds.
Begin MonoManager ReloadAssembly
Native extension for WindowsStandalone target not found
Refreshing native plugins compatible for Editor in 0.52 ms, found 0 plugins.
Preloading 0 native plugins for Editor in 0.00 ms.
Invoked RoslynAnalysisRunner static constructor.
RoslynAnalysisRunner will not be running.
RoslynAnalysisRunner has terminated.
Mono: successfully reloaded assembly
- Completed reload, in  3.994 seconds
Platform modules already initialized, skipping
========================================================================
Worker process is ready to serve import requests
Launched and connected shader compiler UnityShaderCompiler.exe after 0.23 seconds
Refreshing native plugins compatible for Editor in 0.51 ms, found 0 plugins.
Preloading 0 native plugins for Editor in 0.00 ms.
Unloading 1383 Unused Serialized files (Serialized files now loaded: 0)
System memory in use before: 64.3 MB.
System memory in use after: 64.4 MB.

Unloading 34 unused Assets to reduce memory usage. Loaded Objects now: 1811.
Total: 3.039800 ms (FindLiveObjects: 0.407900 ms CreateObjectMapping: 0.145000 ms MarkObjects: 2.363600 ms  DeleteObjects: 0.121500 ms)

========================================================================
Received Import Request.
  path: Assets/Prefabs/Player.prefab
  artifactKey: Guid(28356974c7337f046a4d87eaf2777d62) Importer(815301076,1909f56bfc062723c751e8b465ee728b)
Start importing Assets/Prefabs/Player.prefab using Guid(28356974c7337f046a4d87eaf2777d62) Importer(815301076,1909f56bfc062723c751e8b465ee728b)  -> (artifact id: '5c4dd086f9d5e017e9ace8943b75b790') in 0.737052 seconds
  Import took 0.849674 seconds .

========================================================================
Received Import Request.
  Time since last request: 4.624483 seconds.
  path: Assets/Prefabs
  artifactKey: Guid(03053d6a119e87c49a13a1caaffdc7b8) Importer(815301076,1909f56bfc062723c751e8b465ee728b)
Start importing Assets/Prefabs using Guid(03053d6a119e87c49a13a1caaffdc7b8) Importer(815301076,1909f56bfc062723c751e8b465ee728b)  -> (artifact id: '5351276ee0f3afc8e3e37fad51844bac') in 0.011265 seconds
  Import took 0.031886 seconds .

========================================================================
Received Import Request.
  Time since last request: 587.445497 seconds.
  path: Assets/Temp/New Animator Controller.controller
  artifactKey: Guid(fa85bc4279b50b84b812f402f54afa85) Importer(815301076,1909f56bfc062723c751e8b465ee728b)
Start importing Assets/Temp/New Animator Controller.controller using Guid(fa85bc4279b50b84b812f402f54afa85) Importer(815301076,1909f56bfc062723c751e8b465ee728b)  -> (artifact id: '3ea352329cc9a6d6f34d24842c9bbbb7') in 0.017076 seconds
  Import took 0.071261 seconds .

========================================================================
Received Prepare
Registering precompiled user dll's ...
Registered in 0.002035 seconds.
Begin MonoManager ReloadAssembly
Native extension for WindowsStandalone target not found
Refreshing native plugins compatible for Editor in 0.54 ms, found 0 plugins.
Preloading 0 native plugins for Editor in 0.00 ms.
Invoked RoslynAnalysisRunner static constructor.
RoslynAnalysisRunner will not be running.
RoslynAnalysisRunner has terminated.
Mono: successfully reloaded assembly
- Completed reload, in  1.198 seconds
Platform modules already initialized, skipping
Refreshing native plugins compatible for Editor in 0.51 ms, found 0 plugins.
Preloading 0 native plugins for Editor in 0.00 ms.
Unloading 1378 Unused Serialized files (Serialized files now loaded: 0)
System memory in use before: 78.5 MB.
System memory in use after: 78.6 MB.

Unloading 25 unused Assets to reduce memory usage. Loaded Objects now: 1822.
Total: 4.016200 ms (FindLiveObjects: 0.425300 ms CreateObjectMapping: 0.329000 ms MarkObjects: 3.194000 ms  DeleteObjects: 0.065700 ms)

========================================================================
Received Import Request.
  Time since last request: 1060.777721 seconds.
  path: Assets/Prefabs/Player.prefab
  artifactKey: Guid(28356974c7337f046a4d87eaf2777d62) Importer(815301076,1909f56bfc062723c751e8b465ee728b)
Start importing Assets/Prefabs/Player.prefab using Guid(28356974c7337f046a4d87eaf2777d62) Importer(815301076,1909f56bfc062723c751e8b465ee728b)  -> (artifact id: '3773d491bbf4f723d30c6690ac312a96') in 0.728099 seconds
  Import took 0.811139 seconds .

========================================================================
Received Prepare
Registering precompiled user dll's ...
Registered in 0.002189 seconds.
Begin MonoManager ReloadAssembly
Native extension for WindowsStandalone target not found
Refreshing native plugins compatible for Editor in 0.52 ms, found 0 plugins.
Preloading 0 native plugins for Editor in 0.00 ms.
Invoked RoslynAnalysisRunner static constructor.
RoslynAnalysisRunner will not be running.
RoslynAnalysisRunner has terminated.
Mono: successfully reloaded assembly
- Completed reload, in  1.632 seconds
Platform modules already initialized, skipping
Refreshing native plugins compatible for Editor in 0.49 ms, found 0 plugins.
Preloading 0 native plugins for Editor in 0.00 ms.
Unloading 1378 Unused Serialized files (Serialized files now loaded: 0)
System memory in use before: 78.8 MB.
System memory in use after: 78.8 MB.

Unloading 26 unused Assets to reduce memory usage. Loaded Objects now: 1825.
Total: 3.918800 ms (FindLiveObjects: 0.752600 ms CreateObjectMapping: 0.143600 ms MarkObjects: 2.899700 ms  DeleteObjects: 0.119700 ms)

========================================================================
Received Prepare
Registering precompiled user dll's ...
Registered in 0.002687 seconds.
Begin MonoManager ReloadAssembly
Native extension for WindowsStandalone target not found
Refreshing native plugins compatible for Editor in 1.54 ms, found 0 plugins.
Preloading 0 native plugins for Editor in 0.00 ms.
Invoked RoslynAnalysisRunner static constructor.
RoslynAnalysisRunner will not be running.
RoslynAnalysisRunner has terminated.
Mono: successfully reloaded assembly
- Completed reload, in  1.302 seconds
Platform modules already initialized, skipping
Refreshing native plugins compatible for Editor in 0.49 ms, found 0 plugins.
Preloading 0 native plugins for Editor in 0.00 ms.
Unloading 1378 Unused Serialized files (Serialized files now loaded: 0)
System memory in use before: 79.0 MB.
System memory in use after: 79.0 MB.

Unloading 25 unused Assets to reduce memory usage. Loaded Objects now: 1827.
Total: 2.637300 ms (FindLiveObjects: 0.203500 ms CreateObjectMapping: 0.073100 ms MarkObjects: 2.297500 ms  DeleteObjects: 0.061500 ms)

========================================================================
Received Prepare
Registering precompiled user dll's ...
Registered in 0.004109 seconds.
Begin MonoManager ReloadAssembly
Native extension for WindowsStandalone target not found
Refreshing native plugins compatible for Editor in 0.57 ms, found 0 plugins.
Preloading 0 native plugins for Editor in 0.00 ms.
Invoked RoslynAnalysisRunner static constructor.
RoslynAnalysisRunner will not be running.
RoslynAnalysisRunner has terminated.
Mono: successfully reloaded assembly
- Completed reload, in  1.458 seconds
Platform modules already initialized, skipping
Refreshing native plugins compatible for Editor in 0.62 ms, found 0 plugins.
Preloading 0 native plugins for Editor in 0.00 ms.
Unloading 1378 Unused Serialized files (Serialized files now loaded: 0)
System memory in use before: 79.1 MB.
System memory in use after: 79.2 MB.

Unloading 25 unused Assets to reduce memory usage. Loaded Objects now: 1829.
Total: 3.335600 ms (FindLiveObjects: 0.232400 ms CreateObjectMapping: 0.075300 ms MarkObjects: 2.958100 ms  DeleteObjects: 0.068300 ms)

AssetImportWorkerClient::OnTransportError - code=2 error=End of file
